<?xml version="1.0" encoding="UTF-8"?>
<testng-results skipped="1" failed="0" total="1" passed="0">
  <reporter-output>
  </reporter-output>
  <suite name="Default suite" duration-ms="891" started-at="2016-04-28T16:37:17Z" finished-at="2016-04-28T16:37:18Z">
    <groups>
    </groups>
    <test name="Default test" duration-ms="891" started-at="2016-04-28T16:37:17Z" finished-at="2016-04-28T16:37:18Z">
      <class name="com._8x8.voi.automation.pom.tests.LoginTest">
        <test-method status="FAIL" signature="startWebdriverSession()[pri:0, instance:com._8x8.voi.automation.pom.tests.LoginTest@7a6de1c4]" name="startWebdriverSession" is-config="true" duration-ms="0" started-at="2016-04-28T22:07:17Z" finished-at="2016-04-28T22:07:17Z">
          <exception class="java.lang.IllegalStateException">
            <message>
              <![CDATA[The driver executable does not exist: E:\blogs\sai-pf\automation\src\ExternalJars\chromeDriver\chromedriver.exe]]>
            </message>
            <full-stacktrace>
              <![CDATA[java.lang.IllegalStateException: The driver executable does not exist: E:\blogs\sai-pf\automation\src\ExternalJars\chromeDriver\chromedriver.exe
	at com.google.common.base.Preconditions.checkState(Preconditions.java:199)
	at org.openqa.selenium.remote.service.DriverService.checkExecutable(DriverService.java:121)
	at org.openqa.selenium.remote.service.DriverService.findExecutable(DriverService.java:116)
	at org.openqa.selenium.chrome.ChromeDriverService.access$000(ChromeDriverService.java:32)
	at org.openqa.selenium.chrome.ChromeDriverService$Builder.findDefaultExecutable(ChromeDriverService.java:137)
	at org.openqa.selenium.remote.service.DriverService$Builder.build(DriverService.java:296)
	at org.openqa.selenium.chrome.ChromeDriverService.createDefaultService(ChromeDriverService.java:88)
	at org.openqa.selenium.chrome.ChromeDriver.<init>(ChromeDriver.java:116)
	at com._8x8.voi.automation.pom.driver.BaseClass.startSession(BaseClass.java:41)
	at com._8x8.voi.automation.pom.tests.LoginTest.startWebdriverSession(LoginTest.java:17)
	at sun.reflect.NativeMethodAccessorImpl.invoke0(Native Method)
	at sun.reflect.NativeMethodAccessorImpl.invoke(Unknown Source)
	at sun.reflect.DelegatingMethodAccessorImpl.invoke(Unknown Source)
	at java.lang.reflect.Method.invoke(Unknown Source)
	at org.testng.internal.MethodInvocationHelper.invokeMethod(MethodInvocationHelper.java:80)
	at org.testng.internal.Invoker.invokeConfigurationMethod(Invoker.java:564)
	at org.testng.internal.Invoker.invokeConfigurations(Invoker.java:213)
	at org.testng.internal.Invoker.invokeConfigurations(Invoker.java:138)
	at org.testng.TestRunner.beforeRun(TestRunner.java:641)
	at org.testng.TestRunner.run(TestRunner.java:609)
	at org.testng.SuiteRunner.runTest(SuiteRunner.java:334)
	at org.testng.SuiteRunner.runSequentially(SuiteRunner.java:329)
	at org.testng.SuiteRunner.privateRun(SuiteRunner.java:291)
	at org.testng.SuiteRunner.run(SuiteRunner.java:240)
	at org.testng.SuiteRunnerWorker.runSuite(SuiteRunnerWorker.java:52)
	at org.testng.SuiteRunnerWorker.run(SuiteRunnerWorker.java:86)
	at org.testng.TestNG.runSuitesSequentially(TestNG.java:1198)
	at org.testng.TestNG.runSuitesLocally(TestNG.java:1123)
	at org.testng.TestNG.run(TestNG.java:1031)
	at org.testng.remote.AbstractRemoteTestNG.run(AbstractRemoteTestNG.java:126)
	at org.testng.remote.RemoteTestNG.initAndRun(RemoteTestNG.java:137)
	at org.testng.remote.RemoteTestNG.main(RemoteTestNG.java:58)
]]>
            </full-stacktrace>
          </exception> <!-- java.lang.IllegalStateException -->
          <reporter-output>
          </reporter-output>
        </test-method> <!-- startWebdriverSession -->
        <test-method status="SKIP" signature="On_LoginPage_8X8Logo_Should_Present()[pri:0, instance:com._8x8.voi.automation.pom.tests.LoginTest@7a6de1c4]" name="On_LoginPage_8X8Logo_Should_Present" duration-ms="4" started-at="2016-04-28T22:07:18Z" finished-at="2016-04-28T22:07:18Z">
          <reporter-output>
          </reporter-output>
        </test-method> <!-- On_LoginPage_8X8Logo_Should_Present -->
      </class> <!-- com._8x8.voi.automation.pom.tests.LoginTest -->
    </test> <!-- Default test -->
  </suite> <!-- Default suite -->
</testng-results>
